<?xml version="1.0" encoding="UTF-8"?>
<testng-results ignored="0" total="1" passed="1" failed="0" skipped="0">
  <reporter-output>
  </reporter-output>
  <suite started-at="2025-08-14T08:46:07 IST" name="Suite" finished-at="2025-08-14T08:46:21 IST" duration-ms="14025">
    <groups>
    </groups>
    <test started-at="2025-08-14T08:46:07 IST" name="Test" finished-at="2025-08-14T08:46:21 IST" duration-ms="14025">
      <class name="testcases.LoginTest">
        <test-method is-config="true" signature="setup()[pri:0, instance:testcases.LoginTest@71e693fa]" started-at="2025-08-14T08:46:07 IST" name="setup" finished-at="2025-08-14T08:46:16 IST" duration-ms="9489" status="PASS">
          <reporter-output>
          </reporter-output>
        </test-method> <!-- setup -->
        <test-method signature="testLoginWithValidCredentials(java.lang.String,java.lang.String)[pri:0, instance:testcases.LoginTest@71e693fa]" started-at="2025-08-14T08:46:18 IST" name="testLoginWithValidCredentials" data-provider="logindata" finished-at="2025-08-14T08:46:20 IST" duration-ms="2321" status="PASS">
          <params>
            <param index="0">
              <value>
                <![CDATA[admin@email.com]]>
              </value>
            </param>
            <param index="1">
              <value>
                <![CDATA[admin@123]]>
              </value>
            </param>
          </params>
          <reporter-output>
          </reporter-output>
        </test-method> <!-- testLoginWithValidCredentials -->
        <test-method is-config="true" signature="teardown()[pri:0, instance:testcases.LoginTest@71e693fa]" started-at="2025-08-14T08:46:21 IST" name="teardown" finished-at="2025-08-14T08:46:21 IST" duration-ms="140" status="PASS">
          <reporter-output>
          </reporter-output>
        </test-method> <!-- teardown -->
      </class> <!-- testcases.LoginTest -->
    </test> <!-- Test -->
  </suite> <!-- Suite -->
</testng-results>
